<?xml version="1.0" encoding="UTF-8" ?>
<testsuites>
<testsuite name="Template.home" errors="0" tests="1" failures="0" time="0" timestamp="2014-07-03T15:24:27">
  <testcase classname="Template.home" name="should return episodes sorted by their createdAt descending" time="0"></testcase>
</testsuite>
</testsuites>